<?xml version='1.0'?>
<ns2:test-suite xmlns:ns2='urn:model.allure.qatools.yandex.ru' start='1652032557444' stop='1652032561953'>
    <name>Verify Borrow calculator functionality: Performing an estimate borrow operation with the help of calculator</name>
    <title>Verify Borrow calculator functionality: Performing an estimate borrow operation with the help of calculator</title>
    <test-cases>
        <test-case start='1652032557444' status='passed' stop='1652032557445'>
            <name></name>
            <title></title>
            <labels>
                <label name='language' value='javascript'/>
                <label name='framework' value='wdio'/>
                <label name='thread' value='0-0'/>
            </labels>
            <parameters>
                <parameter kind='argument' name='browser' value='chrome-101.0.4951.54'/>
            </parameters>
            <steps/>
            <attachments/>
        </test-case>
        <test-case start='1652032557445' status='passed' stop='1652032557869'>
            <name>When I select application type as single</name>
            <title>When I select application type as single</title>
            <labels>
                <label name='language' value='javascript'/>
                <label name='framework' value='wdio'/>
                <label name='thread' value='0-0'/>
            </labels>
            <parameters>
                <parameter kind='argument' name='browser' value='chrome-101.0.4951.54'/>
            </parameters>
            <steps/>
            <attachments>
                <attachment title='Screenshot' source='89da7022-06fa-4b45-bd7b-026a2ab191b0-attachment.png' type='image/png' size='141971'/>
            </attachments>
        </test-case>
        <test-case start='1652032557870' status='passed' stop='1652032558147'>
            <name>When I select number of dependents as zero</name>
            <title>When I select number of dependents as zero</title>
            <labels>
                <label name='language' value='javascript'/>
                <label name='framework' value='wdio'/>
                <label name='thread' value='0-0'/>
            </labels>
            <parameters>
                <parameter kind='argument' name='browser' value='chrome-101.0.4951.54'/>
            </parameters>
            <steps/>
            <attachments>
                <attachment title='Screenshot' source='191c63f2-eff2-48a2-8032-c71b7f9caa28-attachment.png' type='image/png' size='141971'/>
            </attachments>
        </test-case>
        <test-case start='1652032558147' status='passed' stop='1652032558438'>
            <name>When I select property type as home to live in</name>
            <title>When I select property type as home to live in</title>
            <labels>
                <label name='language' value='javascript'/>
                <label name='framework' value='wdio'/>
                <label name='thread' value='0-0'/>
            </labels>
            <parameters>
                <parameter kind='argument' name='browser' value='chrome-101.0.4951.54'/>
            </parameters>
            <steps/>
            <attachments>
                <attachment title='Screenshot' source='80f548e2-04e7-486c-b07e-981cb3db7be8-attachment.png' type='image/png' size='138718'/>
            </attachments>
        </test-case>
        <test-case start='1652032558438' status='passed' stop='1652032558752'>
            <name>When I enter 80000 $ as the income before tax</name>
            <title>When I enter 80000 $ as the income before tax</title>
            <labels>
                <label name='language' value='javascript'/>
                <label name='framework' value='wdio'/>
                <label name='thread' value='0-0'/>
            </labels>
            <parameters>
                <parameter kind='argument' name='browser' value='chrome-101.0.4951.54'/>
            </parameters>
            <steps/>
            <attachments>
                <attachment title='Screenshot' source='771f3e03-c144-4263-bd50-e3ae14cfcb59-attachment.png' type='image/png' size='42286'/>
            </attachments>
        </test-case>
        <test-case start='1652032558752' status='passed' stop='1652032559046'>
            <name>When I enter 10000 $ as the other income</name>
            <title>When I enter 10000 $ as the other income</title>
            <labels>
                <label name='language' value='javascript'/>
                <label name='framework' value='wdio'/>
                <label name='thread' value='0-0'/>
            </labels>
            <parameters>
                <parameter kind='argument' name='browser' value='chrome-101.0.4951.54'/>
            </parameters>
            <steps/>
            <attachments>
                <attachment title='Screenshot' source='62297d9f-cd05-4c45-9b81-114df3f974fc-attachment.png' type='image/png' size='92353'/>
            </attachments>
        </test-case>
        <test-case start='1652032559046' status='passed' stop='1652032561379'>
            <name>When I enter 500 $ as the living expenses</name>
            <title>When I enter 500 $ as the living expenses</title>
            <labels>
                <label name='language' value='javascript'/>
                <label name='framework' value='wdio'/>
                <label name='thread' value='0-0'/>
            </labels>
            <parameters>
                <parameter kind='argument' name='browser' value='chrome-101.0.4951.54'/>
            </parameters>
            <steps/>
            <attachments>
                <attachment title='Screenshot' source='0023e635-0d00-47dc-86d4-105f56412776-attachment.png' type='image/png' size='92767'/>
            </attachments>
        </test-case>
        <test-case start='1652032561380' status='passed' stop='1652032561654'>
            <name>When I enter 0 $ as the home loan repayment</name>
            <title>When I enter 0 $ as the home loan repayment</title>
            <labels>
                <label name='language' value='javascript'/>
                <label name='framework' value='wdio'/>
                <label name='thread' value='0-0'/>
            </labels>
            <parameters>
                <parameter kind='argument' name='browser' value='chrome-101.0.4951.54'/>
            </parameters>
            <steps/>
            <attachments>
                <attachment title='Screenshot' source='c6e0955e-30f3-4397-8c66-95a968a239e1-attachment.png' type='image/png' size='93583'/>
            </attachments>
        </test-case>
        <test-case start='1652032561654' status='passed' stop='1652032561948'>
            <name>When I enter 100 $ as the other loan repayment</name>
            <title>When I enter 100 $ as the other loan repayment</title>
            <labels>
                <label name='language' value='javascript'/>
                <label name='framework' value='wdio'/>
                <label name='thread' value='0-0'/>
            </labels>
            <parameters>
                <parameter kind='argument' name='browser' value='chrome-101.0.4951.54'/>
            </parameters>
            <steps/>
            <attachments>
                <attachment title='Screenshot' source='bf7cce68-9fc2-4a45-b18e-43e3714e181a-attachment.png' type='image/png' size='92890'/>
            </attachments>
        </test-case>
        <test-case start='1652032561948' status='broken' stop='1652032561950'>
            <name>When I enter 0 $ as the other commitment</name>
            <title>When I enter 0 $ as the other commitment</title>
            <labels>
                <label name='language' value='javascript'/>
                <label name='framework' value='wdio'/>
                <label name='thread' value='0-0'/>
            </labels>
            <parameters>
                <parameter kind='argument' name='browser' value='chrome-101.0.4951.54'/>
            </parameters>
            <steps/>
            <attachments/>
            <failure>
                <message>Step "I enter 0 $ as the other commitment" is not defined. You can ignore this error by setting cucumberOpts.ignoreUndefinedDefinitions as true.</message>
                <stack-trace>Step "I enter 0 $ as the other commitment" is not defined. You can ignore this error by setting cucumberOpts.ignoreUndefinedDefinitions as true.
                	at Feature(C:\Projects\Demo_UIAutomation\wdio-v7\features\login.feature):1:1
                	at Scenario(Performing an estimate borrow operation with the help of calculator):7:5
                	at Step(I enter &lt;otherCommitment> $ as the other commitment):18:5
                </stack-trace>
            </failure>
        </test-case>
        <test-case start='1652032561950' status='broken' stop='1652032561950'>
            <name>When I enter 10000 $ as the total credit card limits</name>
            <title>When I enter 10000 $ as the total credit card limits</title>
            <labels>
                <label name='language' value='javascript'/>
                <label name='framework' value='wdio'/>
                <label name='thread' value='0-0'/>
            </labels>
            <parameters>
                <parameter kind='argument' name='browser' value='chrome-101.0.4951.54'/>
            </parameters>
            <steps/>
            <attachments/>
            <failure>
                <message>Step "I enter 10000 $ as the total credit card limits" is not defined. You can ignore this error by setting cucumberOpts.ignoreUndefinedDefinitions as true.</message>
                <stack-trace>Step "I enter 10000 $ as the total credit card limits" is not defined. You can ignore this error by setting cucumberOpts.ignoreUndefinedDefinitions as true.
                	at Feature(C:\Projects\Demo_UIAutomation\wdio-v7\features\login.feature):1:1
                	at Scenario(Performing an estimate borrow operation with the help of calculator):7:5
                	at Step(I enter &lt;totalCreditCardLimits> $ as the total credit card limits):19:5
                </stack-trace>
            </failure>
        </test-case>
        <test-case start='1652032561951' status='undefined'>
            <name>When I select workout how much i could borrow button</name>
            <title>When I select workout how much i could borrow button</title>
            <labels>
                <label name='language' value='javascript'/>
                <label name='framework' value='wdio'/>
                <label name='thread' value='0-0'/>
            </labels>
            <parameters>
                <parameter kind='argument' name='browser' value='chrome-101.0.4951.54'/>
            </parameters>
            <steps/>
            <attachments/>
        </test-case>
        <test-case start='1652032561951' status='pending' stop='1652032561951'>
            <name>I select workout how much i could borrow button</name>
            <title>I select workout how much i could borrow button</title>
            <labels/>
            <parameters/>
            <steps/>
            <attachments/>
            <failure>
                <message>Test ignored</message>
                <stack-trace>undefined</stack-trace>
            </failure>
        </test-case>
        <test-case start='1652032561951' status='undefined'>
            <name>Then I should see the correct estimated borrow amount</name>
            <title>Then I should see the correct estimated borrow amount</title>
            <labels>
                <label name='language' value='javascript'/>
                <label name='framework' value='wdio'/>
                <label name='thread' value='0-0'/>
            </labels>
            <parameters>
                <parameter kind='argument' name='browser' value='chrome-101.0.4951.54'/>
            </parameters>
            <steps/>
            <attachments/>
        </test-case>
        <test-case start='1652032561952' status='pending' stop='1652032561952'>
            <name>I should see the correct estimated borrow amount</name>
            <title>I should see the correct estimated borrow amount</title>
            <labels/>
            <parameters/>
            <steps/>
            <attachments/>
            <failure>
                <message>Test ignored</message>
                <stack-trace>undefined</stack-trace>
            </failure>
        </test-case>
        <test-case start='1652032561952' status='passed' stop='1652032561953'>
            <name></name>
            <title></title>
            <labels>
                <label name='language' value='javascript'/>
                <label name='framework' value='wdio'/>
                <label name='thread' value='0-0'/>
            </labels>
            <parameters>
                <parameter kind='argument' name='browser' value='chrome-101.0.4951.54'/>
            </parameters>
            <steps/>
            <attachments/>
        </test-case>
    </test-cases>
</ns2:test-suite>